[2m2019-12-29 20:49:37.812[0;39m [32m INFO[0;39m [35m17756[0;39m [2m---[0;39m [2m[           main][0;39m [36mc.bestsort.jspdemo.SbSwaggerApplication [0;39m [2m:[0;39m Starting SbSwaggerApplication on DESKTOP-JRBOSDO with PID 17756 (D:\code\esw-swagger\target\classes started by bestsort in D:\code\esw-swagger)
[2m2019-12-29 20:49:37.812[0;39m [32m INFO[0;39m [35m17756[0;39m [2m---[0;39m [2m[           main][0;39m [36mc.bestsort.jspdemo.SbSwaggerApplication [0;39m [2m:[0;39m No active profile set, falling back to default profiles: default
[2m2019-12-29 20:49:39.201[0;39m [32m INFO[0;39m [35m17756[0;39m [2m---[0;39m [2m[           main][0;39m [36mo.a.coyote.http11.Http11NioProtocol     [0;39m [2m:[0;39m Initializing ProtocolHandler ["http-nio-8080"]
[2m2019-12-29 20:49:39.209[0;39m [32m INFO[0;39m [35m17756[0;39m [2m---[0;39m [2m[           main][0;39m [36mo.apache.catalina.core.StandardService  [0;39m [2m:[0;39m Starting service [Tomcat]
[2m2019-12-29 20:49:39.209[0;39m [32m INFO[0;39m [35m17756[0;39m [2m---[0;39m [2m[           main][0;39m [36morg.apache.catalina.core.StandardEngine [0;39m [2m:[0;39m Starting Servlet engine: [Apache Tomcat/9.0.22]
[2m2019-12-29 20:49:39.333[0;39m [32m INFO[0;39m [35m17756[0;39m [2m---[0;39m [2m[           main][0;39m [36mo.a.c.c.C.[Tomcat].[localhost].[/]      [0;39m [2m:[0;39m Initializing Spring embedded WebApplicationContext
[2m2019-12-29 20:49:39.699[0;39m [32m INFO[0;39m [35m17756[0;39m [2m---[0;39m [2m[           main][0;39m [36mpertySourcedRequestMappingHandlerMapping[0;39m [2m:[0;39m Mapped URL path [/v2/api-docs] onto method [public org.springframework.http.ResponseEntity<springfox.documentation.spring.web.json.Json> springfox.documentation.swagger2.web.Swagger2Controller.getDocumentation(java.lang.String,javax.servlet.http.HttpServletRequest)]
[2m2019-12-29 20:49:39.987[0;39m [32m INFO[0;39m [35m17756[0;39m [2m---[0;39m [2m[           main][0;39m [36mc.a.d.s.b.a.DruidDataSourceAutoConfigure[0;39m [2m:[0;39m Init DruidDataSource
[2m2019-12-29 20:49:40.099[0;39m [32m INFO[0;39m [35m17756[0;39m [2m---[0;39m [2m[           main][0;39m [36mcom.alibaba.druid.pool.DruidDataSource  [0;39m [2m:[0;39m {dataSource-1} inited
[2m2019-12-29 20:49:40.275[0;39m [32m INFO[0;39m [35m17756[0;39m [2m---[0;39m [2m[           main][0;39m [36md.s.w.p.DocumentationPluginsBootstrapper[0;39m [2m:[0;39m Context refreshed
[2m2019-12-29 20:49:40.291[0;39m [32m INFO[0;39m [35m17756[0;39m [2m---[0;39m [2m[           main][0;39m [36md.s.w.p.DocumentationPluginsBootstrapper[0;39m [2m:[0;39m Found 1 custom documentation plugin(s)
[2m2019-12-29 20:49:40.319[0;39m [32m INFO[0;39m [35m17756[0;39m [2m---[0;39m [2m[           main][0;39m [36ms.d.s.w.s.ApiListingReferenceScanner    [0;39m [2m:[0;39m Scanning for api listing references
[2m2019-12-29 20:49:40.337[0;39m [32m INFO[0;39m [35m17756[0;39m [2m---[0;39m [2m[           main][0;39m [36mo.a.coyote.http11.Http11NioProtocol     [0;39m [2m:[0;39m Starting ProtocolHandler ["http-nio-8080"]
[2m2019-12-29 20:49:40.366[0;39m [32m INFO[0;39m [35m17756[0;39m [2m---[0;39m [2m[           main][0;39m [36mc.bestsort.jspdemo.SbSwaggerApplication [0;39m [2m:[0;39m Started SbSwaggerApplication in 3.116 seconds (JVM running for 4.17)
[2m2019-12-29 20:51:13.613[0;39m [32m INFO[0;39m [35m17756[0;39m [2m---[0;39m [2m[nio-8080-exec-1][0;39m [36mo.a.c.c.C.[Tomcat].[localhost].[/]      [0;39m [2m:[0;39m Initializing Spring DispatcherServlet 'dispatcherServlet'
[2m2019-12-29 20:55:12.197[0;39m [32m INFO[0;39m [35m12500[0;39m [2m---[0;39m [2m[           main][0;39m [36mc.bestsort.jspdemo.SbSwaggerApplication [0;39m [2m:[0;39m Starting SbSwaggerApplication on DESKTOP-JRBOSDO with PID 12500 (D:\code\esw-swagger\target\classes started by bestsort in D:\code\esw-swagger)
[2m2019-12-29 20:55:12.205[0;39m [32m INFO[0;39m [35m12500[0;39m [2m---[0;39m [2m[           main][0;39m [36mc.bestsort.jspdemo.SbSwaggerApplication [0;39m [2m:[0;39m No active profile set, falling back to default profiles: default
[2m2019-12-29 20:55:13.920[0;39m [32m INFO[0;39m [35m12500[0;39m [2m---[0;39m [2m[           main][0;39m [36mo.a.coyote.http11.Http11NioProtocol     [0;39m [2m:[0;39m Initializing ProtocolHandler ["http-nio-8080"]
[2m2019-12-29 20:55:13.937[0;39m [32m INFO[0;39m [35m12500[0;39m [2m---[0;39m [2m[           main][0;39m [36mo.apache.catalina.core.StandardService  [0;39m [2m:[0;39m Starting service [Tomcat]
[2m2019-12-29 20:55:13.937[0;39m [32m INFO[0;39m [35m12500[0;39m [2m---[0;39m [2m[           main][0;39m [36morg.apache.catalina.core.StandardEngine [0;39m [2m:[0;39m Starting Servlet engine: [Apache Tomcat/9.0.22]
[2m2019-12-29 20:55:14.059[0;39m [32m INFO[0;39m [35m12500[0;39m [2m---[0;39m [2m[           main][0;39m [36mo.a.c.c.C.[Tomcat].[localhost].[/]      [0;39m [2m:[0;39m Initializing Spring embedded WebApplicationContext
[2m2019-12-29 20:55:14.504[0;39m [32m INFO[0;39m [35m12500[0;39m [2m---[0;39m [2m[           main][0;39m [36mpertySourcedRequestMappingHandlerMapping[0;39m [2m:[0;39m Mapped URL path [/v2/api-docs] onto method [public org.springframework.http.ResponseEntity<springfox.documentation.spring.web.json.Json> springfox.documentation.swagger2.web.Swagger2Controller.getDocumentation(java.lang.String,javax.servlet.http.HttpServletRequest)]
[2m2019-12-29 20:55:40.798[0;39m [32m INFO[0;39m [35m17696[0;39m [2m---[0;39m [2m[           main][0;39m [36mc.bestsort.jspdemo.SbSwaggerApplication [0;39m [2m:[0;39m Starting SbSwaggerApplication on DESKTOP-JRBOSDO with PID 17696 (D:\code\esw-swagger\target\classes started by bestsort in D:\code\esw-swagger)
[2m2019-12-29 20:55:40.806[0;39m [32m INFO[0;39m [35m17696[0;39m [2m---[0;39m [2m[           main][0;39m [36mc.bestsort.jspdemo.SbSwaggerApplication [0;39m [2m:[0;39m No active profile set, falling back to default profiles: default
[2m2019-12-29 20:55:41.974[0;39m [32m INFO[0;39m [35m17696[0;39m [2m---[0;39m [2m[           main][0;39m [36mo.a.coyote.http11.Http11NioProtocol     [0;39m [2m:[0;39m Initializing ProtocolHandler ["http-nio-8080"]
[2m2019-12-29 20:55:41.982[0;39m [32m INFO[0;39m [35m17696[0;39m [2m---[0;39m [2m[           main][0;39m [36mo.apache.catalina.core.StandardService  [0;39m [2m:[0;39m Starting service [Tomcat]
[2m2019-12-29 20:55:41.982[0;39m [32m INFO[0;39m [35m17696[0;39m [2m---[0;39m [2m[           main][0;39m [36morg.apache.catalina.core.StandardEngine [0;39m [2m:[0;39m Starting Servlet engine: [Apache Tomcat/9.0.22]
[2m2019-12-29 20:55:42.078[0;39m [32m INFO[0;39m [35m17696[0;39m [2m---[0;39m [2m[           main][0;39m [36mo.a.c.c.C.[Tomcat].[localhost].[/]      [0;39m [2m:[0;39m Initializing Spring embedded WebApplicationContext
[2m2019-12-29 20:55:42.416[0;39m [32m INFO[0;39m [35m17696[0;39m [2m---[0;39m [2m[           main][0;39m [36mpertySourcedRequestMappingHandlerMapping[0;39m [2m:[0;39m Mapped URL path [/v2/api-docs] onto method [public org.springframework.http.ResponseEntity<springfox.documentation.spring.web.json.Json> springfox.documentation.swagger2.web.Swagger2Controller.getDocumentation(java.lang.String,javax.servlet.http.HttpServletRequest)]
[2m2019-12-29 20:55:42.664[0;39m [32m INFO[0;39m [35m17696[0;39m [2m---[0;39m [2m[           main][0;39m [36mc.a.d.s.b.a.DruidDataSourceAutoConfigure[0;39m [2m:[0;39m Init DruidDataSource
[2m2019-12-29 20:55:42.760[0;39m [32m INFO[0;39m [35m17696[0;39m [2m---[0;39m [2m[           main][0;39m [36mcom.alibaba.druid.pool.DruidDataSource  [0;39m [2m:[0;39m {dataSource-1} inited
[2m2019-12-29 20:55:42.904[0;39m [32m INFO[0;39m [35m17696[0;39m [2m---[0;39m [2m[           main][0;39m [36md.s.w.p.DocumentationPluginsBootstrapper[0;39m [2m:[0;39m Context refreshed
[2m2019-12-29 20:55:42.912[0;39m [32m INFO[0;39m [35m17696[0;39m [2m---[0;39m [2m[           main][0;39m [36md.s.w.p.DocumentationPluginsBootstrapper[0;39m [2m:[0;39m Found 1 custom documentation plugin(s)
[2m2019-12-29 20:55:42.943[0;39m [32m INFO[0;39m [35m17696[0;39m [2m---[0;39m [2m[           main][0;39m [36ms.d.s.w.s.ApiListingReferenceScanner    [0;39m [2m:[0;39m Scanning for api listing references
[2m2019-12-29 20:55:43.063[0;39m [32m INFO[0;39m [35m17696[0;39m [2m---[0;39m [2m[           main][0;39m [36mo.a.coyote.http11.Http11NioProtocol     [0;39m [2m:[0;39m Starting ProtocolHandler ["http-nio-8080"]
[2m2019-12-29 20:55:43.087[0;39m [32m INFO[0;39m [35m17696[0;39m [2m---[0;39m [2m[           main][0;39m [36mc.bestsort.jspdemo.SbSwaggerApplication [0;39m [2m:[0;39m Started SbSwaggerApplication in 2.8 seconds (JVM running for 3.687)
[2m2019-12-29 20:55:55.579[0;39m [32m INFO[0;39m [35m17696[0;39m [2m---[0;39m [2m[nio-8080-exec-1][0;39m [36mo.a.c.c.C.[Tomcat].[localhost].[/]      [0;39m [2m:[0;39m Initializing Spring DispatcherServlet 'dispatcherServlet'
[2m2019-12-29 21:01:06.668[0;39m [32m INFO[0;39m [35m19712[0;39m [2m---[0;39m [2m[           main][0;39m [36mc.bestsort.jspdemo.SbSwaggerApplication [0;39m [2m:[0;39m Starting SbSwaggerApplication on DESKTOP-JRBOSDO with PID 19712 (D:\code\esw-swagger\target\classes started by bestsort in D:\code\esw-swagger)
[2m2019-12-29 21:01:06.671[0;39m [32m INFO[0;39m [35m19712[0;39m [2m---[0;39m [2m[           main][0;39m [36mc.bestsort.jspdemo.SbSwaggerApplication [0;39m [2m:[0;39m No active profile set, falling back to default profiles: default
[2m2019-12-29 21:01:08.022[0;39m [32m INFO[0;39m [35m19712[0;39m [2m---[0;39m [2m[           main][0;39m [36mo.a.coyote.http11.Http11NioProtocol     [0;39m [2m:[0;39m Initializing ProtocolHandler ["http-nio-8080"]
[2m2019-12-29 21:01:08.033[0;39m [32m INFO[0;39m [35m19712[0;39m [2m---[0;39m [2m[           main][0;39m [36mo.apache.catalina.core.StandardService  [0;39m [2m:[0;39m Starting service [Tomcat]
[2m2019-12-29 21:01:08.033[0;39m [32m INFO[0;39m [35m19712[0;39m [2m---[0;39m [2m[           main][0;39m [36morg.apache.catalina.core.StandardEngine [0;39m [2m:[0;39m Starting Servlet engine: [Apache Tomcat/9.0.22]
[2m2019-12-29 21:01:08.241[0;39m [32m INFO[0;39m [35m19712[0;39m [2m---[0;39m [2m[           main][0;39m [36mo.a.c.c.C.[Tomcat].[localhost].[/]      [0;39m [2m:[0;39m Initializing Spring embedded WebApplicationContext
[2m2019-12-29 21:01:08.633[0;39m [32m INFO[0;39m [35m19712[0;39m [2m---[0;39m [2m[           main][0;39m [36mpertySourcedRequestMappingHandlerMapping[0;39m [2m:[0;39m Mapped URL path [/v2/api-docs] onto method [public org.springframework.http.ResponseEntity<springfox.documentation.spring.web.json.Json> springfox.documentation.swagger2.web.Swagger2Controller.getDocumentation(java.lang.String,javax.servlet.http.HttpServletRequest)]
[2m2019-12-29 21:01:08.870[0;39m [32m INFO[0;39m [35m19712[0;39m [2m---[0;39m [2m[           main][0;39m [36mc.a.d.s.b.a.DruidDataSourceAutoConfigure[0;39m [2m:[0;39m Init DruidDataSource
[2m2019-12-29 21:01:08.981[0;39m [32m INFO[0;39m [35m19712[0;39m [2m---[0;39m [2m[           main][0;39m [36mcom.alibaba.druid.pool.DruidDataSource  [0;39m [2m:[0;39m {dataSource-1} inited
[2m2019-12-29 21:01:09.136[0;39m [32m INFO[0;39m [35m19712[0;39m [2m---[0;39m [2m[           main][0;39m [36md.s.w.p.DocumentationPluginsBootstrapper[0;39m [2m:[0;39m Context refreshed
[2m2019-12-29 21:01:09.153[0;39m [32m INFO[0;39m [35m19712[0;39m [2m---[0;39m [2m[           main][0;39m [36md.s.w.p.DocumentationPluginsBootstrapper[0;39m [2m:[0;39m Found 1 custom documentation plugin(s)
[2m2019-12-29 21:01:09.182[0;39m [32m INFO[0;39m [35m19712[0;39m [2m---[0;39m [2m[           main][0;39m [36ms.d.s.w.s.ApiListingReferenceScanner    [0;39m [2m:[0;39m Scanning for api listing references
[2m2019-12-29 21:01:09.310[0;39m [32m INFO[0;39m [35m19712[0;39m [2m---[0;39m [2m[           main][0;39m [36mo.a.coyote.http11.Http11NioProtocol     [0;39m [2m:[0;39m Starting ProtocolHandler ["http-nio-8080"]
[2m2019-12-29 21:01:09.334[0;39m [32m INFO[0;39m [35m19712[0;39m [2m---[0;39m [2m[           main][0;39m [36mc.bestsort.jspdemo.SbSwaggerApplication [0;39m [2m:[0;39m Started SbSwaggerApplication in 3.143 seconds (JVM running for 4.602)
[2m2019-12-29 21:02:51.382[0;39m [32m INFO[0;39m [35m18884[0;39m [2m---[0;39m [2m[           main][0;39m [36mc.bestsort.jspdemo.SbSwaggerApplication [0;39m [2m:[0;39m Starting SbSwaggerApplication on DESKTOP-JRBOSDO with PID 18884 (D:\code\esw-swagger\target\classes started by bestsort in D:\code\esw-swagger)
[2m2019-12-29 21:02:51.390[0;39m [32m INFO[0;39m [35m18884[0;39m [2m---[0;39m [2m[           main][0;39m [36mc.bestsort.jspdemo.SbSwaggerApplication [0;39m [2m:[0;39m No active profile set, falling back to default profiles: default
[2m2019-12-29 21:02:52.546[0;39m [32m INFO[0;39m [35m18884[0;39m [2m---[0;39m [2m[           main][0;39m [36mo.a.coyote.http11.Http11NioProtocol     [0;39m [2m:[0;39m Initializing ProtocolHandler ["http-nio-8080"]
[2m2019-12-29 21:02:52.554[0;39m [32m INFO[0;39m [35m18884[0;39m [2m---[0;39m [2m[           main][0;39m [36mo.apache.catalina.core.StandardService  [0;39m [2m:[0;39m Starting service [Tomcat]
[2m2019-12-29 21:02:52.554[0;39m [32m INFO[0;39m [35m18884[0;39m [2m---[0;39m [2m[           main][0;39m [36morg.apache.catalina.core.StandardEngine [0;39m [2m:[0;39m Starting Servlet engine: [Apache Tomcat/9.0.22]
[2m2019-12-29 21:02:52.702[0;39m [32m INFO[0;39m [35m18884[0;39m [2m---[0;39m [2m[           main][0;39m [36mo.a.c.c.C.[Tomcat].[localhost].[/]      [0;39m [2m:[0;39m Initializing Spring embedded WebApplicationContext
[2m2019-12-29 21:02:53.054[0;39m [32m INFO[0;39m [35m18884[0;39m [2m---[0;39m [2m[           main][0;39m [36mpertySourcedRequestMappingHandlerMapping[0;39m [2m:[0;39m Mapped URL path [/v2/api-docs] onto method [public org.springframework.http.ResponseEntity<springfox.documentation.spring.web.json.Json> springfox.documentation.swagger2.web.Swagger2Controller.getDocumentation(java.lang.String,javax.servlet.http.HttpServletRequest)]
[2m2019-12-29 21:02:53.302[0;39m [32m INFO[0;39m [35m18884[0;39m [2m---[0;39m [2m[           main][0;39m [36mc.a.d.s.b.a.DruidDataSourceAutoConfigure[0;39m [2m:[0;39m Init DruidDataSource
[2m2019-12-29 21:02:53.406[0;39m [32m INFO[0;39m [35m18884[0;39m [2m---[0;39m [2m[           main][0;39m [36mcom.alibaba.druid.pool.DruidDataSource  [0;39m [2m:[0;39m {dataSource-1} inited
[2m2019-12-29 21:02:53.552[0;39m [32m INFO[0;39m [35m18884[0;39m [2m---[0;39m [2m[           main][0;39m [36md.s.w.p.DocumentationPluginsBootstrapper[0;39m [2m:[0;39m Context refreshed
[2m2019-12-29 21:02:53.565[0;39m [32m INFO[0;39m [35m18884[0;39m [2m---[0;39m [2m[           main][0;39m [36md.s.w.p.DocumentationPluginsBootstrapper[0;39m [2m:[0;39m Found 1 custom documentation plugin(s)
[2m2019-12-29 21:02:53.608[0;39m [32m INFO[0;39m [35m18884[0;39m [2m---[0;39m [2m[           main][0;39m [36ms.d.s.w.s.ApiListingReferenceScanner    [0;39m [2m:[0;39m Scanning for api listing references
[2m2019-12-29 21:02:53.727[0;39m [32m INFO[0;39m [35m18884[0;39m [2m---[0;39m [2m[           main][0;39m [36mo.a.coyote.http11.Http11NioProtocol     [0;39m [2m:[0;39m Starting ProtocolHandler ["http-nio-8080"]
[2m2019-12-29 21:02:53.760[0;39m [32m INFO[0;39m [35m18884[0;39m [2m---[0;39m [2m[           main][0;39m [36mc.bestsort.jspdemo.SbSwaggerApplication [0;39m [2m:[0;39m Started SbSwaggerApplication in 2.892 seconds (JVM running for 3.802)
[2m2019-12-29 21:03:00.727[0;39m [32m INFO[0;39m [35m18884[0;39m [2m---[0;39m [2m[nio-8080-exec-1][0;39m [36mo.a.c.c.C.[Tomcat].[localhost].[/]      [0;39m [2m:[0;39m Initializing Spring DispatcherServlet 'dispatcherServlet'
